<?xml version="1.0" encoding="UTF-8"?>
<!-- Generated by org.testng.reporters.JUnitReportReporter -->
<testsuite skipped="0" hostname="LAPTOP-NHNEE0FH" name="com.jbk.SnapDeal" tests="1" failures="0" timestamp="27 Feb 2019 13:43:42 GMT" time="14.550" errors="0">
  <testcase name="init" time="14.550" classname="com.jbk.SnapDeal"/>
</testsuite> <!-- com.jbk.SnapDeal -->
